[2015-02-12 19:53:47] request.ERROR: Uncaught PHP Exception Symfony\Component\HttpKernel\Exception\NotFoundHttpException: "No route found for "GET /tournois"" at D:\wamp\www\GestionDesTournois\app\cache\prod\classes.php line 3587 [] []
[2015-02-12 20:01:19] request.ERROR: Uncaught PHP Exception Symfony\Component\HttpKernel\Exception\NotFoundHttpException: "No route found for "GET /tournois"" at D:\wamp\www\GestionDesTournois\app\cache\prod\classes.php line 3587 [] []
[2015-02-12 20:01:20] request.ERROR: Uncaught PHP Exception Symfony\Component\HttpKernel\Exception\NotFoundHttpException: "No route found for "GET /tournois"" at D:\wamp\www\GestionDesTournois\app\cache\prod\classes.php line 3587 [] []
[2015-02-12 20:01:26] request.ERROR: Uncaught PHP Exception Symfony\Component\HttpKernel\Exception\NotFoundHttpException: "No route found for "GET /tournois/"" at D:\wamp\www\GestionDesTournois\app\cache\prod\classes.php line 3587 [] []
[2015-02-12 20:01:31] request.ERROR: Uncaught PHP Exception Symfony\Component\HttpKernel\Exception\NotFoundHttpException: "No route found for "GET /tournois/index"" at D:\wamp\www\GestionDesTournois\app\cache\prod\classes.php line 3587 [] []
[2015-02-12 20:01:44] request.ERROR: Uncaught PHP Exception Symfony\Component\HttpKernel\Exception\NotFoundHttpException: "No route found for "GET /tournois/index"" at D:\wamp\www\GestionDesTournois\app\cache\prod\classes.php line 3587 [] []
[2015-02-12 20:01:47] request.ERROR: Uncaught PHP Exception Symfony\Component\HttpKernel\Exception\NotFoundHttpException: "No route found for "GET /tournois/"" at D:\wamp\www\GestionDesTournois\app\cache\prod\classes.php line 3587 [] []
[2015-02-12 20:01:50] request.ERROR: Uncaught PHP Exception Symfony\Component\HttpKernel\Exception\NotFoundHttpException: "No route found for "GET /tournois"" at D:\wamp\www\GestionDesTournois\app\cache\prod\classes.php line 3587 [] []
[2015-02-12 20:04:48] request.ERROR: Uncaught PHP Exception Symfony\Component\HttpKernel\Exception\NotFoundHttpException: "No route found for "GET /tournois"" at D:\wamp\www\GestionDesTournois\app\cache\prod\classes.php line 3587 [] []
[2015-02-12 20:05:17] request.ERROR: Uncaught PHP Exception Symfony\Component\HttpKernel\Exception\NotFoundHttpException: "No route found for "GET /tournois"" at D:\wamp\www\GestionDesTournois\app\cache\prod\classes.php line 3587 [] []
[2015-02-12 20:05:50] request.ERROR: Uncaught PHP Exception Symfony\Component\HttpKernel\Exception\NotFoundHttpException: "No route found for "GET /tournois"" at D:\wamp\www\GestionDesTournois\app\cache\prod\classes.php line 3587 [] []
[2015-02-12 20:11:22] request.ERROR: Uncaught PHP Exception Symfony\Component\HttpKernel\Exception\NotFoundHttpException: "No route found for "GET /tournois"" at D:\wamp\www\GestionDesTournois\app\cache\prod\classes.php line 3587 [] []
[2015-02-12 20:11:35] request.ERROR: Uncaught PHP Exception Symfony\Component\HttpKernel\Exception\NotFoundHttpException: "No route found for "GET /tournois"" at D:\wamp\www\GestionDesTournois\app\cache\prod\classes.php line 3587 [] []
[2015-02-12 20:11:37] request.ERROR: Uncaught PHP Exception Symfony\Component\HttpKernel\Exception\NotFoundHttpException: "No route found for "GET /tournois"" at D:\wamp\www\GestionDesTournois\app\cache\prod\classes.php line 3587 [] []
[2015-02-12 20:12:57] request.ERROR: Uncaught PHP Exception Symfony\Component\HttpKernel\Exception\NotFoundHttpException: "No route found for "GET /tournois"" at D:\wamp\www\GestionDesTournois\app\cache\prod\classes.php line 3587 [] []
[2015-02-12 20:14:35] request.ERROR: Uncaught PHP Exception Symfony\Component\HttpKernel\Exception\NotFoundHttpException: "No route found for "GET /tournois"" at D:\wamp\www\GestionDesTournois\app\cache\prod\classes.php line 3587 [] []
[2015-02-12 20:14:36] request.ERROR: Uncaught PHP Exception Symfony\Component\HttpKernel\Exception\NotFoundHttpException: "No route found for "GET /tournois"" at D:\wamp\www\GestionDesTournois\app\cache\prod\classes.php line 3587 [] []
[2015-02-12 20:16:59] request.ERROR: Uncaught PHP Exception Symfony\Component\HttpKernel\Exception\NotFoundHttpException: "No route found for "GET /tournois"" at D:\wamp\www\GestionDesTournois\app\cache\prod\classes.php line 3587 [] []
[2015-02-12 20:18:47] request.ERROR: Uncaught PHP Exception Symfony\Component\HttpKernel\Exception\NotFoundHttpException: "No route found for "GET /tournois"" at D:\wamp\www\GestionDesTournois\app\cache\prod\classes.php line 3587 [] []
[2015-02-12 20:19:16] request.ERROR: Uncaught PHP Exception Symfony\Component\HttpKernel\Exception\NotFoundHttpException: "No route found for "GET /tournois/create"" at D:\wamp\www\GestionDesTournois\app\cache\prod\classes.php line 3587 [] []
[2015-02-12 20:19:18] request.ERROR: Uncaught PHP Exception Symfony\Component\HttpKernel\Exception\NotFoundHttpException: "No route found for "GET /tournois/create"" at D:\wamp\www\GestionDesTournois\app\cache\prod\classes.php line 3587 [] []
[2015-02-12 20:19:20] request.ERROR: Uncaught PHP Exception Symfony\Component\HttpKernel\Exception\NotFoundHttpException: "No route found for "GET /tournois/create"" at D:\wamp\www\GestionDesTournois\app\cache\prod\classes.php line 3587 [] []
[2015-02-12 20:19:23] request.ERROR: Uncaught PHP Exception Symfony\Component\HttpKernel\Exception\NotFoundHttpException: "No route found for "GET /tournois/create"" at D:\wamp\www\GestionDesTournois\app\cache\prod\classes.php line 3587 [] []
[2015-02-12 20:20:02] request.ERROR: Uncaught PHP Exception Symfony\Component\HttpKernel\Exception\NotFoundHttpException: "No route found for "GET /tournois/create"" at D:\wamp\www\GestionDesTournois\app\cache\prod\classes.php line 3587 [] []
[2015-02-12 20:21:52] request.ERROR: Uncaught PHP Exception Symfony\Component\HttpKernel\Exception\NotFoundHttpException: "No route found for "GET /tournois/create"" at D:\wamp\www\GestionDesTournois\app\cache\prod\classes.php line 3587 [] []
[2015-02-12 20:22:03] request.ERROR: Uncaught PHP Exception Symfony\Component\HttpKernel\Exception\NotFoundHttpException: "No route found for "GET /tournois"" at D:\wamp\www\GestionDesTournois\app\cache\prod\classes.php line 3587 [] []
[2015-02-12 20:22:07] request.ERROR: Uncaught PHP Exception Symfony\Component\HttpKernel\Exception\NotFoundHttpException: "No route found for "GET /tournois"" at D:\wamp\www\GestionDesTournois\app\cache\prod\classes.php line 3587 [] []
[2015-02-12 20:22:10] request.ERROR: Uncaught PHP Exception Symfony\Component\HttpKernel\Exception\NotFoundHttpException: "No route found for "GET /"" at D:\wamp\www\GestionDesTournois\app\cache\prod\classes.php line 3587 [] []
[2015-02-12 20:23:15] request.ERROR: Uncaught PHP Exception Symfony\Component\HttpKernel\Exception\NotFoundHttpException: "No route found for "GET /tournois/"" at D:\wamp\www\GestionDesTournois\app\cache\prod\classes.php line 3587 [] []
[2015-02-12 20:23:31] request.ERROR: Uncaught PHP Exception Symfony\Component\HttpKernel\Exception\NotFoundHttpException: "No route found for "GET /tournois/"" at D:\wamp\www\GestionDesTournois\app\cache\prod\classes.php line 3587 [] []
[2015-02-12 20:23:34] request.ERROR: Uncaught PHP Exception Symfony\Component\HttpKernel\Exception\NotFoundHttpException: "No route found for "GET /tournois"" at D:\wamp\www\GestionDesTournois\app\cache\prod\classes.php line 3587 [] []
[2015-02-12 22:12:56] request.ERROR: Uncaught PHP Exception Symfony\Component\HttpKernel\Exception\NotFoundHttpException: "No route found for "GET /"" at D:\wamp\www\GestionDesTournois\app\cache\prod\classes.php line 3587 [] []
[2015-02-12 22:13:24] request.ERROR: Uncaught PHP Exception Symfony\Component\HttpKernel\Exception\NotFoundHttpException: "No route found for "GET /tournois"" at D:\wamp\www\GestionDesTournois\app\cache\prod\classes.php line 3587 [] []
[2015-02-12 22:13:29] request.ERROR: Uncaught PHP Exception Symfony\Component\HttpKernel\Exception\NotFoundHttpException: "No route found for "GET /tournois"" at D:\wamp\www\GestionDesTournois\app\cache\prod\classes.php line 3587 [] []
[2015-02-12 22:14:12] request.ERROR: Uncaught PHP Exception Symfony\Component\HttpKernel\Exception\NotFoundHttpException: "No route found for "GET /tournois"" at D:\wamp\www\GestionDesTournois\app\cache\prod\classes.php line 3587 [] []
[2015-02-12 22:14:39] request.ERROR: Uncaught PHP Exception Symfony\Component\HttpKernel\Exception\NotFoundHttpException: "No route found for "GET /tournois"" at D:\wamp\www\GestionDesTournois\app\cache\prod\classes.php line 3587 [] []
[2015-02-12 22:14:46] request.ERROR: Uncaught PHP Exception Symfony\Component\HttpKernel\Exception\NotFoundHttpException: "No route found for "GET /tournois"" at D:\wamp\www\GestionDesTournois\app\cache\prod\classes.php line 3587 [] []
[2015-02-12 22:14:59] request.ERROR: Uncaught PHP Exception Symfony\Component\HttpKernel\Exception\NotFoundHttpException: "No route found for "GET /tournois"" at D:\wamp\www\GestionDesTournois\app\cache\prod\classes.php line 3587 [] []
[2015-02-12 22:16:03] request.ERROR: Uncaught PHP Exception Symfony\Component\HttpKernel\Exception\NotFoundHttpException: "No route found for "GET /tournois"" at D:\wamp\www\GestionDesTournois\app\cache\prod\classes.php line 3587 [] []
[2015-02-12 22:16:27] request.ERROR: Uncaught PHP Exception Symfony\Component\HttpKernel\Exception\NotFoundHttpException: "No route found for "GET /tournois/1/edit"" at D:\wamp\www\GestionDesTournois\app\cache\prod\classes.php line 3587 [] []
[2015-02-12 22:16:29] request.ERROR: Uncaught PHP Exception Symfony\Component\HttpKernel\Exception\NotFoundHttpException: "No route found for "GET /tournois/1/edit"" at D:\wamp\www\GestionDesTournois\app\cache\prod\classes.php line 3587 [] []
[2015-02-12 22:17:06] request.ERROR: Uncaught PHP Exception Symfony\Component\HttpKernel\Exception\NotFoundHttpException: "No route found for "GET /tournois/1/edit"" at D:\wamp\www\GestionDesTournois\app\cache\prod\classes.php line 3587 [] []
[2015-02-12 22:17:18] request.ERROR: Uncaught PHP Exception Symfony\Component\HttpKernel\Exception\NotFoundHttpException: "No route found for "GET /tournois/1/edit"" at D:\wamp\www\GestionDesTournois\app\cache\prod\classes.php line 3587 [] []
[2015-02-12 22:20:16] request.ERROR: Uncaught PHP Exception Symfony\Component\HttpKernel\Exception\NotFoundHttpException: "No route found for "GET /tournois/"" at D:\wamp\www\GestionDesTournois\app\cache\prod\classes.php line 3587 [] []
[2015-02-12 22:20:19] request.ERROR: Uncaught PHP Exception Symfony\Component\HttpKernel\Exception\NotFoundHttpException: "No route found for "GET /tournois/1/edit"" at D:\wamp\www\GestionDesTournois\app\cache\prod\classes.php line 3587 [] []
[2015-02-12 22:22:09] request.ERROR: Uncaught PHP Exception Symfony\Component\HttpKernel\Exception\NotFoundHttpException: "No route found for "GET /tournois/1/edit"" at D:\wamp\www\GestionDesTournois\app\cache\prod\classes.php line 3587 [] []
[2015-02-12 22:22:28] request.ERROR: Uncaught PHP Exception Symfony\Component\HttpKernel\Exception\NotFoundHttpException: "No route found for "GET /tournois/1/edit"" at D:\wamp\www\GestionDesTournois\app\cache\prod\classes.php line 3587 [] []
[2015-02-12 22:22:39] request.ERROR: Uncaught PHP Exception Symfony\Component\HttpKernel\Exception\NotFoundHttpException: "No route found for "GET /tournois/"" at D:\wamp\www\GestionDesTournois\app\cache\prod\classes.php line 3587 [] []
[2015-02-12 22:22:43] request.ERROR: Uncaught PHP Exception Symfony\Component\HttpKernel\Exception\NotFoundHttpException: "No route found for "GET /tournois/1/edit"" at D:\wamp\www\GestionDesTournois\app\cache\prod\classes.php line 3587 [] []
[2015-02-12 22:22:55] request.ERROR: Uncaught PHP Exception Symfony\Component\HttpKernel\Exception\NotFoundHttpException: "No route found for "GET /tournois/1/edit"" at D:\wamp\www\GestionDesTournois\app\cache\prod\classes.php line 3587 [] []
[2015-02-12 22:23:18] request.ERROR: Uncaught PHP Exception Symfony\Component\HttpKernel\Exception\NotFoundHttpException: "No route found for "GET /tournois/1/edit"" at D:\wamp\www\GestionDesTournois\app\cache\prod\classes.php line 3587 [] []
[2015-02-12 22:33:36] request.ERROR: Uncaught PHP Exception Symfony\Component\HttpKernel\Exception\NotFoundHttpException: "No route found for "GET /tournois/1/edit"" at D:\wamp\www\GestionDesTournois\app\cache\prod\classes.php line 3587 [] []
[2015-02-12 22:33:54] request.ERROR: Uncaught PHP Exception Symfony\Component\HttpKernel\Exception\NotFoundHttpException: "No route found for "GET /tournois/1/edit"" at D:\wamp\www\GestionDesTournois\app\cache\prod\classes.php line 3587 [] []
[2015-02-12 22:34:19] request.ERROR: Uncaught PHP Exception Symfony\Component\HttpKernel\Exception\NotFoundHttpException: "No route found for "GET /tournois/1/edit"" at D:\wamp\www\GestionDesTournois\app\cache\prod\classes.php line 3587 [] []
[2015-02-12 22:35:07] request.ERROR: Uncaught PHP Exception Symfony\Component\HttpKernel\Exception\NotFoundHttpException: "No route found for "GET /tournois/1/edit"" at D:\wamp\www\GestionDesTournois\app\cache\prod\classes.php line 3587 [] []
[2015-02-12 22:36:37] request.ERROR: Uncaught PHP Exception Symfony\Component\HttpKernel\Exception\NotFoundHttpException: "No route found for "GET /tournois"" at D:\wamp\www\GestionDesTournois\app\cache\prod\classes.php line 3587 [] []
[2015-02-12 22:36:42] request.ERROR: Uncaught PHP Exception Symfony\Component\HttpKernel\Exception\NotFoundHttpException: "No route found for "GET /tournois/"" at D:\wamp\www\GestionDesTournois\app\cache\prod\classes.php line 3587 [] []
[2015-02-12 22:37:16] request.ERROR: Uncaught PHP Exception Symfony\Component\HttpKernel\Exception\NotFoundHttpException: "No route found for "GET /tournois"" at D:\wamp\www\GestionDesTournois\app\cache\prod\classes.php line 3587 [] []
[2015-02-12 22:37:21] request.ERROR: Uncaught PHP Exception Symfony\Component\HttpKernel\Exception\NotFoundHttpException: "No route found for "GET /tournois/"" at D:\wamp\www\GestionDesTournois\app\cache\prod\classes.php line 3587 [] []
[2015-02-12 22:37:26] request.ERROR: Uncaught PHP Exception Symfony\Component\HttpKernel\Exception\NotFoundHttpException: "No route found for "GET /tournois"" at D:\wamp\www\GestionDesTournois\app\cache\prod\classes.php line 3587 [] []
[2015-02-12 22:37:32] request.ERROR: Uncaught PHP Exception Symfony\Component\HttpKernel\Exception\NotFoundHttpException: "No route found for "GET //tournois"" at D:\wamp\www\GestionDesTournois\app\cache\prod\classes.php line 3587 [] []
[2015-02-12 22:37:37] request.ERROR: Uncaught PHP Exception Symfony\Component\HttpKernel\Exception\NotFoundHttpException: "No route found for "GET /tournois"" at D:\wamp\www\GestionDesTournois\app\cache\prod\classes.php line 3587 [] []
[2015-02-12 22:38:14] request.ERROR: Uncaught PHP Exception Symfony\Component\HttpKernel\Exception\NotFoundHttpException: "No route found for "GET /tournois"" at D:\wamp\www\GestionDesTournois\app\cache\prod\classes.php line 3587 [] []
[2015-02-12 22:38:51] request.ERROR: Uncaught PHP Exception Symfony\Component\HttpKernel\Exception\NotFoundHttpException: "No route found for "GET /Tournois"" at D:\wamp\www\GestionDesTournois\app\cache\prod\classes.php line 3587 [] []
[2015-02-12 22:38:56] request.ERROR: Uncaught PHP Exception Symfony\Component\HttpKernel\Exception\NotFoundHttpException: "No route found for "GET /tournois"" at D:\wamp\www\GestionDesTournois\app\cache\prod\classes.php line 3587 [] []
[2015-02-12 22:39:10] request.ERROR: Uncaught PHP Exception Symfony\Component\HttpKernel\Exception\NotFoundHttpException: "No route found for "GET /tournois"" at D:\wamp\www\GestionDesTournois\app\cache\prod\classes.php line 3587 [] []
[2015-02-13 00:10:31] request.INFO: Matched route "tournois_edit" (parameters: "_controller": "GT\GestionTournoisBundle\Controller\TournoisController::editAction", "id": "1", "_route": "tournois_edit") [] []
[2015-02-13 00:10:34] request.CRITICAL: Uncaught PHP Exception Twig_Error_Runtime: "An exception has been thrown during the rendering of a template ("Unable to generate a URL for the named route "tournois" as such route does not exist.") in "GTGestionTournoisBundle:Tournois:edit.html.twig" at line 16." at D:\wamp\www\GestionDesTournois\app\cache\prod\classes.php line 5990 [] []
[2015-02-13 00:12:05] request.INFO: Matched route "tournois_new" (parameters: "_controller": "GT\GestionTournoisBundle\Controller\TournoisController::newAction", "_route": "tournois_new") [] []
[2015-02-13 00:12:07] request.CRITICAL: Uncaught PHP Exception Twig_Error_Runtime: "An exception has been thrown during the rendering of a template ("Unable to generate a URL for the named route "tournois" as such route does not exist.") in "GTGestionTournoisBundle:Tournois:new.html.twig" at line 15." at D:\wamp\www\GestionDesTournois\app\cache\prod\classes.php line 5990 [] []
[2015-02-13 00:13:31] request.INFO: Matched route "tournois_new" (parameters: "_controller": "GT\GestionTournoisBundle\Controller\TournoisController::newAction", "_route": "tournois_new") [] []
[2015-02-13 00:13:32] request.CRITICAL: Uncaught PHP Exception Twig_Error_Runtime: "An exception has been thrown during the rendering of a template ("Unable to generate a URL for the named route "tournois" as such route does not exist.") in "GTGestionTournoisBundle:Tournois:new.html.twig" at line 15." at D:\wamp\www\GestionDesTournois\app\cache\prod\classes.php line 5990 [] []
[2015-02-13 00:14:04] request.INFO: Matched route "tournois_new" (parameters: "_controller": "GT\GestionTournoisBundle\Controller\TournoisController::newAction", "_route": "tournois_new") [] []
[2015-02-13 00:14:06] request.CRITICAL: Uncaught PHP Exception Twig_Error_Runtime: "An exception has been thrown during the rendering of a template ("Unable to generate a URL for the named route "tournois" as such route does not exist.") in "GTGestionTournoisBundle:Tournois:new.html.twig" at line 15." at D:\wamp\www\GestionDesTournois\vendor\twig\twig\lib\Twig\Template.php line 280 [] []
[2015-02-13 00:14:48] request.INFO: Matched route "tournois_show" (parameters: "_controller": "GT\GestionTournoisBundle\Controller\TournoisController::showAction", "id": "1", "_route": "tournois_show") [] []
[2015-02-13 00:14:49] request.CRITICAL: Uncaught PHP Exception Twig_Error_Runtime: "An exception has been thrown during the rendering of a template ("Unable to generate a URL for the named route "tournois" as such route does not exist.") in "GTGestionTournoisBundle:Tournois:show.html.twig" at line 89." at D:\wamp\www\GestionDesTournois\app\cache\prod\classes.php line 5990 [] []
